# JRE version: Java(TM) SE Runtime Environment (8.0_121-b13) (build 1.8.0_121-b13)
# Java VM: Java HotSpot(TM) 64-Bit Server VM (25.121-b13 mixed mode windows-amd64 compressed oops)
Heap:
 PSYoungGen      total 157696K, used 140605K [0x00000000eab00000, 0x00000000f6800000, 0x0000000100000000)
  eden space 144896K, 90% used [0x00000000eab00000,0x00000000f2b453f0,0x00000000f3880000)
  from space 12800K, 72% used [0x00000000f3880000,0x00000000f418a390,0x00000000f4500000)
  to   space 12800K, 0% used [0x00000000f5b80000,0x00000000f5b80000,0x00000000f6800000)
 ParOldGen       total 105472K, used 18102K [0x00000000c0000000, 0x00000000c6700000, 0x00000000eab00000)
  object space 105472K, 17% used [0x00000000c0000000,0x00000000c11ada40,0x00000000c6700000)
 Metaspace       used 45445K, capacity 46252K, committed 46464K, reserved 1089536K
  class space    used 6226K, capacity 6499K, committed 6528K, reserved 1048576K
GC Heap History (10 events):
Event: 8.549 GC heap before
{Heap before GC invocations=7 (full 1):
 PSYoungGen      total 57344K, used 54096K [0x00000000eab00000, 0x00000000f1700000, 0x0000000100000000)
  eden space 49152K, 100% used [0x00000000eab00000,0x00000000edb00000,0x00000000edb00000)
  from space 8192K, 60% used [0x00000000edb00000,0x00000000edfd42d8,0x00000000ee300000)
  to   space 11776K, 0% used [0x00000000f0b80000,0x00000000f0b80000,0x00000000f1700000)
 ParOldGen       total 68608K, used 7206K [0x00000000c0000000, 0x00000000c4300000, 0x00000000eab00000)
  object space 68608K, 10% used [0x00000000c0000000,0x00000000c0709a88,0x00000000c4300000)
 Metaspace       used 28702K, capacity 29214K, committed 29440K, reserved 1075200K
  class space    used 4083K, capacity 4274K, committed 4352K, reserved 1048576K
Event: 8.589 GC heap after
Heap after GC invocations=7 (full 1):
 PSYoungGen      total 96768K, used 7524K [0x00000000eab00000, 0x00000000f1580000, 0x0000000100000000)
  eden space 86528K, 0% used [0x00000000eab00000,0x00000000eab00000,0x00000000eff80000)
  from space 10240K, 73% used [0x00000000f0b80000,0x00000000f12d90d8,0x00000000f1580000)
  to   space 11264K, 0% used [0x00000000eff80000,0x00000000eff80000,0x00000000f0a80000)
 ParOldGen       total 68608K, used 7206K [0x00000000c0000000, 0x00000000c4300000, 0x00000000eab00000)
  object space 68608K, 10% used [0x00000000c0000000,0x00000000c0709a88,0x00000000c4300000)
 Metaspace       used 28702K, capacity 29214K, committed 29440K, reserved 1075200K
  class space    used 4083K, capacity 4274K, committed 4352K, reserved 1048576K
}
Event: 10.803 GC heap before
{Heap before GC invocations=8 (full 1):
 PSYoungGen      total 96768K, used 86593K [0x00000000eab00000, 0x00000000f1580000, 0x0000000100000000)
  eden space 86528K, 91% used [0x00000000eab00000,0x00000000ef8376e0,0x00000000eff80000)
  from space 10240K, 73% used [0x00000000f0b80000,0x00000000f12d90d8,0x00000000f1580000)
  to   space 11264K, 0% used [0x00000000eff80000,0x00000000eff80000,0x00000000f0a80000)
 ParOldGen       total 68608K, used 7206K [0x00000000c0000000, 0x00000000c4300000, 0x00000000eab00000)
  object space 68608K, 10% used [0x00000000c0000000,0x00000000c0709a88,0x00000000c4300000)
 Metaspace       used 34752K, capacity 35296K, committed 35456K, reserved 1079296K
  class space    used 4908K, capacity 5128K, committed 5248K, reserved 1048576K
Event: 10.828 GC heap after
Heap after GC invocations=8 (full 1):
 PSYoungGen      total 97792K, used 11233K [0x00000000eab00000, 0x00000000f5600000, 0x0000000100000000)
  eden space 86528K, 0% used [0x00000000eab00000,0x00000000eab00000,0x00000000eff80000)
  from space 11264K, 99% used [0x00000000eff80000,0x00000000f0a785e0,0x00000000f0a80000)
  to   space 13312K, 0% used [0x00000000f4900000,0x00000000f4900000,0x00000000f5600000)
 ParOldGen       total 68608K, used 7735K [0x00000000c0000000, 0x00000000c4300000, 0x00000000eab00000)
  object space 68608K, 11% used [0x00000000c0000000,0x00000000c078df60,0x00000000c4300000)
 Metaspace       used 34752K, capacity 35296K, committed 35456K, reserved 1079296K
  class space    used 4908K, capacity 5128K, committed 5248K, reserved 1048576K
}
Event: 10.828 GC heap before
{Heap before GC invocations=9 (full 2):
 PSYoungGen      total 97792K, used 11233K [0x00000000eab00000, 0x00000000f5600000, 0x0000000100000000)
  eden space 86528K, 0% used [0x00000000eab00000,0x00000000eab00000,0x00000000eff80000)
  from space 11264K, 99% used [0x00000000eff80000,0x00000000f0a785e0,0x00000000f0a80000)
  to   space 13312K, 0% used [0x00000000f4900000,0x00000000f4900000,0x00000000f5600000)
 ParOldGen       total 68608K, used 7735K [0x00000000c0000000, 0x00000000c4300000, 0x00000000eab00000)
  object space 68608K, 11% used [0x00000000c0000000,0x00000000c078df60,0x00000000c4300000)
 Metaspace       used 34752K, capacity 35296K, committed 35456K, reserved 1079296K
  class space    used 4908K, capacity 5128K, committed 5248K, reserved 1048576K
Event: 11.018 GC heap after
Heap after GC invocations=9 (full 2):
 PSYoungGen      total 97792K, used 0K [0x00000000eab00000, 0x00000000f5600000, 0x0000000100000000)
  eden space 86528K, 0% used [0x00000000eab00000,0x00000000eab00000,0x00000000eff80000)
  from space 11264K, 0% used [0x00000000eff80000,0x00000000eff80000,0x00000000f0a80000)
  to   space 13312K, 0% used [0x00000000f4900000,0x00000000f4900000,0x00000000f5600000)
 ParOldGen       total 105472K, used 18022K [0x00000000c0000000, 0x00000000c6700000, 0x00000000eab00000)
  object space 105472K, 17% used [0x00000000c0000000,0x00000000c1199a30,0x00000000c6700000)
 Metaspace       used 34741K, capacity 35284K, committed 35456K, reserved 1079296K
  class space    used 4904K, capacity 5124K, committed 5248K, reserved 1048576K
}
Event: 13.971 GC heap before
{Heap before GC invocations=10 (full 2):
 PSYoungGen      total 97792K, used 86528K [0x00000000eab00000, 0x00000000f5600000, 0x0000000100000000)
  eden space 86528K, 100% used [0x00000000eab00000,0x00000000eff80000,0x00000000eff80000)
  from space 11264K, 0% used [0x00000000eff80000,0x00000000eff80000,0x00000000f0a80000)
  to   space 13312K, 0% used [0x00000000f4900000,0x00000000f4900000,0x00000000f5600000)
 ParOldGen       total 105472K, used 18022K [0x00000000c0000000, 0x00000000c6700000, 0x00000000eab00000)
  object space 105472K, 17% used [0x00000000c0000000,0x00000000c1199a30,0x00000000c6700000)
 Metaspace       used 40352K, capacity 41070K, committed 41344K, reserved 1085440K
  class space    used 5765K, capacity 6014K, committed 6016K, reserved 1048576K
Event: 14.007 GC heap after
Heap after GC invocations=10 (full 2):
 PSYoungGen      total 140288K, used 8214K [0x00000000eab00000, 0x00000000f5180000, 0x0000000100000000)
  eden space 131584K, 0% used [0x00000000eab00000,0x00000000eab00000,0x00000000f2b80000)
  from space 8704K, 94% used [0x00000000f4900000,0x00000000f5105810,0x00000000f5180000)
  to   space 12800K, 0% used [0x00000000f3880000,0x00000000f3880000,0x00000000f4500000)
 ParOldGen       total 105472K, used 18022K [0x00000000c0000000, 0x00000000c6700000, 0x00000000eab00000)
  object space 105472K, 17% used [0x00000000c0000000,0x00000000c1199a30,0x00000000c6700000)
 Metaspace       used 40352K, capacity 41070K, committed 41344K, reserved 1085440K
  class space    used 5765K, capacity 6014K, committed 6016K, reserved 1048576K
}
Event: 27.308 GC heap before
{Heap before GC invocations=11 (full 2):
 PSYoungGen      total 140288K, used 139798K [0x00000000eab00000, 0x00000000f5180000, 0x0000000100000000)
  eden space 131584K, 100% used [0x00000000eab00000,0x00000000f2b80000,0x00000000f2b80000)
  from space 8704K, 94% used [0x00000000f4900000,0x00000000f5105810,0x00000000f5180000)
  to   space 12800K, 0% used [0x00000000f3880000,0x00000000f3880000,0x00000000f4500000)
 ParOldGen       total 105472K, used 18022K [0x00000000c0000000, 0x00000000c6700000, 0x00000000eab00000)
  object space 105472K, 17% used [0x00000000c0000000,0x00000000c1199a30,0x00000000c6700000)
 Metaspace       used 45179K, capacity 45932K, committed 46208K, reserved 1089536K
  class space    used 6216K, capacity 6499K, committed 6528K, reserved 1048576K
Event: 27.336 GC heap after
Heap after GC invocations=11 (full 2):
 PSYoungGen      total 157696K, used 9256K [0x00000000eab00000, 0x00000000f6800000, 0x0000000100000000)
  eden space 144896K, 0% used [0x00000000eab00000,0x00000000eab00000,0x00000000f3880000)
  from space 12800K, 72% used [0x00000000f3880000,0x00000000f418a390,0x00000000f4500000)
  to   space 12800K, 0% used [0x00000000f5b80000,0x00000000f5b80000,0x00000000f6800000)
 ParOldGen       total 105472K, used 18102K [0x00000000c0000000, 0x00000000c6700000, 0x00000000eab00000)
  object space 105472K, 17% used [0x00000000c0000000,0x00000000c11ada40,0x00000000c6700000)
 Metaspace       used 45179K, capacity 45932K, committed 46208K, reserved 1089536K
  class space    used 6216K, capacity 6499K, committed 6528K, reserved 1048576K
}

